<?xml version="1.0"?><coverage line-rate="0.7515527950310559" branch-rate="1.0" version="1.9" timestamp="1540656666"><sources><source>/home/daniel/Documents/Code/rust/black_scholes_rust</source></sources><packages><package name="src" line-rate="0.7515528" branch-rate="1.0" complexity="0.0"><classes><class name="lib" filename="src/lib.rs" line-rate="0.7515528" branch-rate="1.0" complexity="0.0"><methods/><lines><line number="21" hits="1"/><line number="22" hits="1"/><line number="24" hits="1"/><line number="25" hits="1"/><line number="44" hits="1"/><line number="45" hits="1"/><line number="46" hits="1"/><line number="47" hits="1"/><line number="50" hits="1"/><line number="66" hits="1"/><line number="67" hits="1"/><line number="84" hits="0"/><line number="85" hits="0"/><line number="86" hits="0"/><line number="87" hits="0"/><line number="88" hits="0"/><line number="89" hits="0"/><line number="92" hits="0"/><line number="110" hits="0"/><line number="111" hits="0"/><line number="112" hits="0"/><line number="113" hits="0"/><line number="114" hits="0"/><line number="115" hits="0"/><line number="118" hits="0"/><line number="135" hits="1"/><line number="136" hits="1"/><line number="137" hits="1"/><line number="138" hits="1"/><line number="139" hits="1"/><line number="140" hits="1"/><line number="143" hits="0"/><line number="160" hits="0"/><line number="161" hits="0"/><line number="162" hits="0"/><line number="163" hits="0"/><line number="164" hits="0"/><line number="165" hits="0"/><line number="166" hits="0"/><line number="169" hits="0"/><line number="189" hits="1"/><line number="190" hits="1"/><line number="191" hits="1"/><line number="192" hits="1"/><line number="195" hits="1"/><line number="211" hits="1"/><line number="212" hits="1"/><line number="229" hits="0"/><line number="230" hits="0"/><line number="231" hits="0"/><line number="232" hits="0"/><line number="233" hits="0"/><line number="234" hits="0"/><line number="237" hits="0"/><line number="254" hits="0"/><line number="255" hits="0"/><line number="272" hits="1"/><line number="273" hits="1"/><line number="290" hits="0"/><line number="291" hits="0"/><line number="292" hits="0"/><line number="293" hits="0"/><line number="294" hits="0"/><line number="295" hits="0"/><line number="296" hits="0"/><line number="299" hits="0"/><line number="304" hits="1"/><line number="305" hits="1"/><line number="306" hits="1"/><line number="307" hits="1"/><line number="308" hits="1"/><line number="309" hits="1"/><line number="310" hits="1"/><line number="311" hits="1"/><line number="312" hits="1"/><line number="313" hits="1"/><line number="314" hits="1"/><line number="332" hits="1"/><line number="333" hits="2"/><line number="334" hits="2"/><line number="335" hits="1"/><line number="336" hits="1"/><line number="337" hits="1"/><line number="354" hits="1"/><line number="355" hits="1"/><line number="356" hits="1"/><line number="375" hits="1"/><line number="376" hits="2"/><line number="377" hits="2"/><line number="378" hits="1"/><line number="379" hits="1"/><line number="380" hits="1"/><line number="398" hits="1"/><line number="399" hits="1"/><line number="400" hits="1"/><line number="401" hits="1"/><line number="409" hits="1"/><line number="410" hits="1"/><line number="412" hits="1"/><line number="413" hits="1"/><line number="416" hits="2"/><line number="417" hits="1"/><line number="420" hits="2"/><line number="421" hits="1"/><line number="424" hits="2"/><line number="425" hits="1"/><line number="428" hits="2"/><line number="429" hits="1"/><line number="432" hits="2"/><line number="433" hits="1"/><line number="436" hits="2"/><line number="437" hits="1"/><line number="438" hits="1"/><line number="439" hits="1"/><line number="440" hits="1"/><line number="441" hits="1"/><line number="442" hits="1"/><line number="443" hits="1"/><line number="444" hits="1"/><line number="447" hits="2"/><line number="448" hits="1"/><line number="449" hits="1"/><line number="450" hits="1"/><line number="451" hits="1"/><line number="452" hits="1"/><line number="453" hits="1"/><line number="454" hits="1"/><line number="455" hits="1"/><line number="456" hits="1"/><line number="459" hits="2"/><line number="460" hits="1"/><line number="461" hits="1"/><line number="462" hits="1"/><line number="463" hits="1"/><line number="465" hits="2"/><line number="466" hits="1"/><line number="467" hits="1"/><line number="468" hits="1"/><line number="469" hits="1"/><line number="470" hits="1"/><line number="471" hits="1"/><line number="472" hits="1"/><line number="474" hits="1"/><line number="475" hits="1"/><line number="483" hits="2"/><line number="484" hits="1"/><line number="485" hits="1"/><line number="486" hits="1"/><line number="487" hits="1"/><line number="488" hits="1"/><line number="489" hits="1"/><line number="490" hits="1"/><line number="491" hits="1"/><line number="495" hits="2"/><line number="496" hits="1"/><line number="498" hits="1"/><line number="499" hits="1"/><line number="500" hits="1"/><line number="501" hits="1"/><line number="502" hits="1"/><line number="503" hits="1"/></lines></class></classes></package></packages></coverage>